<?xml version="1.0" encoding="UTF-8"?>
<testsuites name="nextest" tests="7" failures="1" errors="0" uuid="e873e609-92c9-4848-9e45-44058873610e" timestamp="2024-02-27T20:07:20.117+00:00" time="0.016">
    <testsuite name="cat-gateway::bin/cat-gateway" tests="7" disabled="0" errors="0" failures="1">
        <testcase name="settings::tests::configured_hosts_set_empty" classname="cat-gateway::bin/cat-gateway" timestamp="2024-02-27T20:07:20.117+00:00" time="0.011">
            <system-out>
running 1 test
test settings::tests::configured_hosts_set_empty ... ok

test result: ok. 1 passed; 0 failed; 0 ignored; 0 measured; 6 filtered out; finished in 0.00s

</system-out>
            <system-err></system-err>
        </testcase>
        <testcase name="settings::tests::configured_hosts_set_empty_undefined_address" classname="cat-gateway::bin/cat-gateway" timestamp="2024-02-27T20:07:20.118+00:00" time="0.011">
            <system-out>
running 1 test
test settings::tests::configured_hosts_set_empty_undefined_address ... ok

test result: ok. 1 passed; 0 failed; 0 ignored; 0 measured; 6 filtered out; finished in 0.00s

</system-out>
            <system-err></system-err>
        </testcase>
        <testcase name="settings::tests::configured_hosts_default" classname="cat-gateway::bin/cat-gateway" timestamp="2024-02-27T20:07:20.117+00:00" time="0.011">
            <system-out>
running 1 test
test settings::tests::configured_hosts_default ... ok

test result: ok. 1 passed; 0 failed; 0 ignored; 0 measured; 6 filtered out; finished in 0.00s

</system-out>
            <system-err></system-err>
        </testcase>
        <testcase name="settings::tests::configured_hosts_set_multiple_one_invalid" classname="cat-gateway::bin/cat-gateway" timestamp="2024-02-27T20:07:20.118+00:00" time="0.010">
            <system-out>
running 1 test
test settings::tests::configured_hosts_set_multiple_one_invalid ... ok

test result: ok. 1 passed; 0 failed; 0 ignored; 0 measured; 6 filtered out; finished in 0.00s

</system-out>
            <system-err></system-err>
        </testcase>
        <testcase name="settings::tests::github_repo_name_default" classname="cat-gateway::bin/cat-gateway" timestamp="2024-02-27T20:07:20.119+00:00" time="0.011">
            <failure type="test failure">thread &apos;settings::tests::github_repo_name_default&apos; panicked at bin/src/settings.rs:273:9:
assertion `left == right` failed
  left: &quot;catalyst-voices&quot;
 right: &quot;LALAL&quot;
note: run with `RUST_BACKTRACE=1` environment variable to display a backtrace</failure>
            <system-out>
running 1 test
test settings::tests::github_repo_name_default ... FAILED

failures:

failures:
    settings::tests::github_repo_name_default

test result: FAILED. 0 passed; 1 failed; 0 ignored; 0 measured; 6 filtered out; finished in 0.00s

</system-out>
            <system-err>thread &apos;settings::tests::github_repo_name_default&apos; panicked at bin/src/settings.rs:273:9:
assertion `left == right` failed
  left: &quot;catalyst-voices&quot;
 right: &quot;LALAL&quot;
note: run with `RUST_BACKTRACE=1` environment variable to display a backtrace
</system-err>
        </testcase>
        <testcase name="settings::tests::configured_hosts_set_multiple" classname="cat-gateway::bin/cat-gateway" timestamp="2024-02-27T20:07:20.118+00:00" time="0.013">
            <system-out>
running 1 test
test settings::tests::configured_hosts_set_multiple ... ok

test result: ok. 1 passed; 0 failed; 0 ignored; 0 measured; 6 filtered out; finished in 0.00s

</system-out>
            <system-err></system-err>
        </testcase>
        <testcase name="settings::tests::generate_github_issue_url_test" classname="cat-gateway::bin/cat-gateway" timestamp="2024-02-27T20:07:20.119+00:00" time="0.014">
            <system-out>
running 1 test
test settings::tests::generate_github_issue_url_test ... ok

test result: ok. 1 passed; 0 failed; 0 ignored; 0 measured; 6 filtered out; finished in 0.00s

</system-out>
            <system-err></system-err>
        </testcase>
    </testsuite>
</testsuites>
