<?xml version="1.0" encoding="UTF-8"?>
<testsuites name="nextest" tests="7" failures="0" errors="0" uuid="dd9de77c-996a-4bd2-b151-dea0b78debc6" timestamp="2024-02-27T13:31:33.099+00:00" time="0.021">
    <testsuite name="cat-gateway::bin/cat-gateway" tests="7" disabled="0" errors="0" failures="0">
        <testcase name="settings::tests::generate_github_issue_url_test" classname="cat-gateway::bin/cat-gateway" timestamp="2024-02-27T13:31:33.101+00:00" time="0.013">
            <system-out>
running 1 test
test settings::tests::generate_github_issue_url_test ... ok

test result: ok. 1 passed; 0 failed; 0 ignored; 0 measured; 6 filtered out; finished in 0.00s

</system-out>
            <system-err></system-err>
        </testcase>
        <testcase name="settings::tests::configured_hosts_set_empty_undefined_address" classname="cat-gateway::bin/cat-gateway" timestamp="2024-02-27T13:31:33.100+00:00" time="0.013">
            <system-out>
running 1 test
test settings::tests::configured_hosts_set_empty_undefined_address ... ok

test result: ok. 1 passed; 0 failed; 0 ignored; 0 measured; 6 filtered out; finished in 0.00s

</system-out>
            <system-err></system-err>
        </testcase>
        <testcase name="settings::tests::configured_hosts_set_multiple" classname="cat-gateway::bin/cat-gateway" timestamp="2024-02-27T13:31:33.100+00:00" time="0.013">
            <system-out>
running 1 test
test settings::tests::configured_hosts_set_multiple ... ok

test result: ok. 1 passed; 0 failed; 0 ignored; 0 measured; 6 filtered out; finished in 0.00s

</system-out>
            <system-err></system-err>
        </testcase>
        <testcase name="settings::tests::configured_hosts_set_empty" classname="cat-gateway::bin/cat-gateway" timestamp="2024-02-27T13:31:33.100+00:00" time="0.014">
            <system-out>
running 1 test
test settings::tests::configured_hosts_set_empty ... ok

test result: ok. 1 passed; 0 failed; 0 ignored; 0 measured; 6 filtered out; finished in 0.00s

</system-out>
            <system-err></system-err>
        </testcase>
        <testcase name="settings::tests::configured_hosts_default" classname="cat-gateway::bin/cat-gateway" timestamp="2024-02-27T13:31:33.099+00:00" time="0.016">
            <system-out>
running 1 test
test settings::tests::configured_hosts_default ... ok

test result: ok. 1 passed; 0 failed; 0 ignored; 0 measured; 6 filtered out; finished in 0.00s

</system-out>
            <system-err></system-err>
        </testcase>
        <testcase name="settings::tests::configured_hosts_set_multiple_one_invalid" classname="cat-gateway::bin/cat-gateway" timestamp="2024-02-27T13:31:33.100+00:00" time="0.019">
            <system-out>
running 1 test
test settings::tests::configured_hosts_set_multiple_one_invalid ... ok

test result: ok. 1 passed; 0 failed; 0 ignored; 0 measured; 6 filtered out; finished in 0.00s

</system-out>
            <system-err></system-err>
        </testcase>
        <testcase name="settings::tests::github_repo_name_default" classname="cat-gateway::bin/cat-gateway" timestamp="2024-02-27T13:31:33.101+00:00" time="0.019">
            <system-out>
running 1 test
test settings::tests::github_repo_name_default ... ok

test result: ok. 1 passed; 0 failed; 0 ignored; 0 measured; 6 filtered out; finished in 0.00s

</system-out>
            <system-err></system-err>
        </testcase>
    </testsuite>
</testsuites>
